<?xml version="1.0" encoding="UTF-8"?>
<!-- Generated by org.testng.reporters.JUnitReportReporter -->
<testsuite hostname="Psk" failures="0" tests="2" name="demo.browser.amazontest" time="32.829" errors="0" timestamp="2021-12-13T19:34:07 IST" skipped="0">
  <testcase classname="demo.browser.amazontest" name="amazonSelenium" time="26.273"/>
  <system-out/>
  <testcase classname="demo.browser.amazontest" name="basePageNavigation" time="6.556"/>
  <system-out/>
</testsuite> <!-- demo.browser.amazontest -->
