<?xml version="1.0" encoding="UTF-8"?>
<!-- Generated by org.testng.reporters.JUnitReportReporter -->
<testsuite hostname="Psk" failures="0" tests="1" name="demo.browser.AppTest" time="0.008" errors="0" timestamp="2021-12-22T16:23:50 IST" skipped="0">
  <testcase classname="demo.browser.AppTest" name="testApp" time="0.008"/>
  <system-out/>
</testsuite> <!-- demo.browser.AppTest -->
